Start testing: Mar 31 20:15 HKT
----------------------------------------------------------
1/1 Testing: CanonicalEnsembleTest
1/1 Test: CanonicalEnsembleTest
Command: "/home/lzz773/CP2024/build/CanonicalEnsembleTest"
Directory: /home/lzz773/CP2024/build
"CanonicalEnsembleTest" start time: Mar 31 20:15 HKT
Output:
----------------------------------------------------------
Randomness seeded to: 1523818162
===============================================================================
All tests passed (3 assertions in 1 test case)

<end of output>
Test time =   0.00 sec
----------------------------------------------------------
Test Passed.
"CanonicalEnsembleTest" end time: Mar 31 20:15 HKT
"CanonicalEnsembleTest" time elapsed: 00:00:00
----------------------------------------------------------

End testing: Mar 31 20:15 HKT
