Start testing: Mar 15 16:20 HKT
----------------------------------------------------------
1/1 Testing: IsingTests
1/1 Test: IsingTests
Command: "/home/lzz773/CP2024/build/SystemTest"
Directory: /home/lzz773/CP2024/build
"IsingTests" start time: Mar 15 16:20 HKT
Output:
----------------------------------------------------------
Randomness seeded to: 1806876816
===============================================================================
All tests passed (60 assertions in 2 test cases)

<end of output>
Test time =   0.00 sec
----------------------------------------------------------
Test Passed.
"IsingTests" end time: Mar 15 16:20 HKT
"IsingTests" time elapsed: 00:00:00
----------------------------------------------------------

End testing: Mar 15 16:20 HKT
